10019 Jennifer Harris 1757602429 Device B
10022 Jennifer Brown 1756837266 Device B
10029 Thomas Lopez 1759192377 Device B
10002 Jennifer Thomas 1758633084 Device C
10010 Christopher Perez 1758439619 Device A
10015 Sarah Gonzalez 1757510258 Device B
10005 Karen Hernandez 1757725048 Device B
10001 James Williams 1757072053 Device A
10007 James Jones 1758968551 Device C
10027 Robert Thomas 1758402645 Device C
10026 Mark Sanchez 1757404237 Device B
10002 Jennifer Thomas 1758517402 Device C
10015 Sarah Gonzalez 1759228456 Device B
10011 Lisa Williams 1756927441 Device B
10027 Robert Thomas 1757817388 Device B
10012 Anthony Taylor 1757631825 Device B
10029 Thomas Lopez 1758472300 Device A
10028 Michael Jones 1757507610 Device B
10022 Jennifer Brown 1758917277 Device A
10023 Margaret Lopez 1758604079 Device C
10001 James Williams 1757983359 Device A